ARM GAS  C:\Users\amant\AppData\Local\Temp\ccKxaNvh.s 			page 1


   1              		.syntax unified
   2              		.cpu cortex-m0
   3              		.fpu softvfp
   4              		.eabi_attribute 20, 1
   5              		.eabi_attribute 21, 1
   6              		.eabi_attribute 23, 3
   7              		.eabi_attribute 24, 1
   8              		.eabi_attribute 25, 1
   9              		.eabi_attribute 26, 1
  10              		.eabi_attribute 30, 1
  11              		.eabi_attribute 34, 0
  12              		.eabi_attribute 18, 4
  13              		.thumb
  14              		.syntax unified
  15              		.file	"main.c"
  16              		.text
  17              	.Ltext0:
  18              		.cfi_sections	.debug_frame
  19              		.section	.text.handle_idle_state,"ax",%progbits
  20              		.align	2
  21              		.global	handle_idle_state
  22              		.code	16
  23              		.thumb_func
  24              		.type	handle_idle_state, %function
  25              	handle_idle_state:
  26              	.LFB32:
  27              		.file 1 "main.c"
   1:main.c        **** /* ========================================
   2:main.c        ****  *
   3:main.c        ****  * Copyright YOUR COMPANY, THE YEAR
   4:main.c        ****  * All Rights Reserved
   5:main.c        ****  * UNPUBLISHED, LICENSED SOFTWARE.
   6:main.c        ****  *
   7:main.c        ****  * CONFIDENTIAL AND PROPRIETARY INFORMATION
   8:main.c        ****  * WHICH IS THE PROPERTY OF your company.
   9:main.c        ****  *
  10:main.c        ****  * ========================================
  11:main.c        **** */
  12:main.c        **** #include "project.h"
  13:main.c        **** 
  14:main.c        **** /* State Machine Transition Logic
  15:main.c        **** The first thing to note is that IDLE is also a state. The reason it is not in this table is because
  16:main.c        **** of each state are defined relative to IDLE. This is related to the second thing to note, which is t
  17:main.c        **** transition into one of these states (in the table below) if you are in IDLE. When buttons are click
  18:main.c        **** occur, and when the buttons are no longer being clicked, it will transition back to IDLE. The third
  19:main.c        **** that you can get to the PANIC state from any state based on the IMU readings.
  20:main.c        **** 
  21:main.c        **** Table layout explanation: The second column is representing how a transition from the state in that
  22:main.c        **** third column has the conditions for how a transition can occur from IDLE to the state in that row.
  23:main.c        **** 
  24:main.c        **** State       |      Transition to IDLE      |      Transition away from IDLE
  25:main.c        **** ---------------------------------------------------------------------------------------------------
  26:main.c        **** RAISE_LEGS  |    Buttons not clicked       |    Left top and right top buttons clicked and we are i
  27:main.c        **** 
  28:main.c        **** LOWER_LEGS  |    Buttons not clicked       |    Left top and right bottom buttons clicked and we ar
  29:main.c        **** 
  30:main.c        **** RAISE_SEAT  |    Buttons not clicked       |    Left bottom and right top buttons clicked and we ar
ARM GAS  C:\Users\amant\AppData\Local\Temp\ccKxaNvh.s 			page 2


  31:main.c        **** 
  32:main.c        **** LOWER_SEAT  |    Buttons not clicked       |    Left bottom and right bottom buttons clicked and we
  33:main.c        **** 
  34:main.c        **** PANIC       |    IMU values read normal    |    IMU trigger (walker fell over)
  35:main.c        **** 
  36:main.c        **** */
  37:main.c        **** 
  38:main.c        **** // This is the enumerate type that defines possible states of the walker
  39:main.c        **** typedef enum { IDLE, RAISE_LEGS, LOWER_LEGS, RAISE_SEAT, LOWER_SEAT, PANIC } State;
  40:main.c        **** 
  41:main.c        **** State currentState = IDLE;
  42:main.c        **** 
  43:main.c        **** void handle_idle_state() {
  28              		.loc 1 43 0
  29              		.cfi_startproc
  30              		@ args = 0, pretend = 0, frame = 0
  31              		@ frame_needed = 0, uses_anonymous_args = 0
  32              		@ link register save eliminated.
  44:main.c        **** 
  45:main.c        **** }
  33              		.loc 1 45 0
  34              		@ sp needed
  35 0000 7047     		bx	lr
  36              		.cfi_endproc
  37              	.LFE32:
  38              		.size	handle_idle_state, .-handle_idle_state
  39 0002 C046     		.section	.text.handle_raise_legs_state,"ax",%progbits
  40              		.align	2
  41              		.global	handle_raise_legs_state
  42              		.code	16
  43              		.thumb_func
  44              		.type	handle_raise_legs_state, %function
  45              	handle_raise_legs_state:
  46              	.LFB33:
  46:main.c        **** 
  47:main.c        **** void handle_raise_legs_state() {
  47              		.loc 1 47 0
  48              		.cfi_startproc
  49              		@ args = 0, pretend = 0, frame = 0
  50              		@ frame_needed = 0, uses_anonymous_args = 0
  51              		@ link register save eliminated.
  48:main.c        ****     
  49:main.c        **** }
  52              		.loc 1 49 0
  53              		@ sp needed
  54 0000 7047     		bx	lr
  55              		.cfi_endproc
  56              	.LFE33:
  57              		.size	handle_raise_legs_state, .-handle_raise_legs_state
  58 0002 C046     		.section	.text.handle_lower_legs_state,"ax",%progbits
  59              		.align	2
  60              		.global	handle_lower_legs_state
  61              		.code	16
  62              		.thumb_func
  63              		.type	handle_lower_legs_state, %function
  64              	handle_lower_legs_state:
  65              	.LFB34:
ARM GAS  C:\Users\amant\AppData\Local\Temp\ccKxaNvh.s 			page 3


  50:main.c        **** 
  51:main.c        **** void handle_lower_legs_state() {
  66              		.loc 1 51 0
  67              		.cfi_startproc
  68              		@ args = 0, pretend = 0, frame = 0
  69              		@ frame_needed = 0, uses_anonymous_args = 0
  70              		@ link register save eliminated.
  52:main.c        **** 
  53:main.c        **** }
  71              		.loc 1 53 0
  72              		@ sp needed
  73 0000 7047     		bx	lr
  74              		.cfi_endproc
  75              	.LFE34:
  76              		.size	handle_lower_legs_state, .-handle_lower_legs_state
  77 0002 C046     		.section	.text.handle_raise_seat_state,"ax",%progbits
  78              		.align	2
  79              		.global	handle_raise_seat_state
  80              		.code	16
  81              		.thumb_func
  82              		.type	handle_raise_seat_state, %function
  83              	handle_raise_seat_state:
  84              	.LFB35:
  54:main.c        **** 
  55:main.c        **** void handle_raise_seat_state() {
  85              		.loc 1 55 0
  86              		.cfi_startproc
  87              		@ args = 0, pretend = 0, frame = 0
  88              		@ frame_needed = 0, uses_anonymous_args = 0
  89              		@ link register save eliminated.
  56:main.c        **** 
  57:main.c        **** }
  90              		.loc 1 57 0
  91              		@ sp needed
  92 0000 7047     		bx	lr
  93              		.cfi_endproc
  94              	.LFE35:
  95              		.size	handle_raise_seat_state, .-handle_raise_seat_state
  96 0002 C046     		.section	.text.handle_lower_seat_state,"ax",%progbits
  97              		.align	2
  98              		.global	handle_lower_seat_state
  99              		.code	16
 100              		.thumb_func
 101              		.type	handle_lower_seat_state, %function
 102              	handle_lower_seat_state:
 103              	.LFB36:
  58:main.c        **** 
  59:main.c        **** void handle_lower_seat_state() {
 104              		.loc 1 59 0
 105              		.cfi_startproc
 106              		@ args = 0, pretend = 0, frame = 0
 107              		@ frame_needed = 0, uses_anonymous_args = 0
 108              		@ link register save eliminated.
  60:main.c        **** 
  61:main.c        **** }
 109              		.loc 1 61 0
 110              		@ sp needed
ARM GAS  C:\Users\amant\AppData\Local\Temp\ccKxaNvh.s 			page 4


 111 0000 7047     		bx	lr
 112              		.cfi_endproc
 113              	.LFE36:
 114              		.size	handle_lower_seat_state, .-handle_lower_seat_state
 115 0002 C046     		.section	.text.handle_panic_state,"ax",%progbits
 116              		.align	2
 117              		.global	handle_panic_state
 118              		.code	16
 119              		.thumb_func
 120              		.type	handle_panic_state, %function
 121              	handle_panic_state:
 122              	.LFB37:
  62:main.c        **** 
  63:main.c        **** void handle_panic_state() {
 123              		.loc 1 63 0
 124              		.cfi_startproc
 125              		@ args = 0, pretend = 0, frame = 0
 126              		@ frame_needed = 0, uses_anonymous_args = 0
 127              		@ link register save eliminated.
  64:main.c        **** 
  65:main.c        **** }
 128              		.loc 1 65 0
 129              		@ sp needed
 130 0000 7047     		bx	lr
 131              		.cfi_endproc
 132              	.LFE37:
 133              		.size	handle_panic_state, .-handle_panic_state
 134 0002 C046     		.section	.text.main,"ax",%progbits
 135              		.align	2
 136              		.global	main
 137              		.code	16
 138              		.thumb_func
 139              		.type	main, %function
 140              	main:
 141              	.LFB38:
  66:main.c        **** 
  67:main.c        **** int main(void)
  68:main.c        **** {
 142              		.loc 1 68 0
 143              		.cfi_startproc
 144              		@ Volatile: function does not return.
 145              		@ args = 0, pretend = 0, frame = 0
 146              		@ frame_needed = 0, uses_anonymous_args = 0
 147              		@ link register save eliminated.
  69:main.c        ****     CyGlobalIntEnable; /* Enable global interrupts. */
 148              		.loc 1 69 0
 149              		.syntax divided
 150              	@ 69 "main.c" 1
 151 0000 62B6     		CPSIE   i
 152              	@ 0 "" 2
 153              		.thumb
 154              		.syntax unified
 155              	.L8:
 156 0002 FEE7     		b	.L8
 157              		.cfi_endproc
 158              	.LFE38:
 159              		.size	main, .-main
ARM GAS  C:\Users\amant\AppData\Local\Temp\ccKxaNvh.s 			page 5


 160              		.global	currentState
 161              		.bss
 162              		.type	currentState, %object
 163              		.size	currentState, 1
 164              	currentState:
 165 0000 00       		.space	1
 166              		.text
 167              	.Letext0:
 168              		.section	.debug_info,"",%progbits
 169              	.Ldebug_info0:
 170 0000 53010000 		.4byte	0x153
 171 0004 0400     		.2byte	0x4
 172 0006 00000000 		.4byte	.Ldebug_abbrev0
 173 000a 04       		.byte	0x4
 174 000b 01       		.uleb128 0x1
 175 000c 32010000 		.4byte	.LASF26
 176 0010 0C       		.byte	0xc
 177 0011 EF010000 		.4byte	.LASF27
 178 0015 81000000 		.4byte	.LASF28
 179 0019 00000000 		.4byte	.Ldebug_ranges0+0
 180 001d 00000000 		.4byte	0
 181 0021 00000000 		.4byte	.Ldebug_line0
 182 0025 02       		.uleb128 0x2
 183 0026 01       		.byte	0x1
 184 0027 06       		.byte	0x6
 185 0028 38020000 		.4byte	.LASF0
 186 002c 02       		.uleb128 0x2
 187 002d 01       		.byte	0x1
 188 002e 08       		.byte	0x8
 189 002f 36000000 		.4byte	.LASF1
 190 0033 02       		.uleb128 0x2
 191 0034 02       		.byte	0x2
 192 0035 05       		.byte	0x5
 193 0036 0E020000 		.4byte	.LASF2
 194 003a 02       		.uleb128 0x2
 195 003b 02       		.byte	0x2
 196 003c 07       		.byte	0x7
 197 003d 61000000 		.4byte	.LASF3
 198 0041 02       		.uleb128 0x2
 199 0042 04       		.byte	0x4
 200 0043 05       		.byte	0x5
 201 0044 23020000 		.4byte	.LASF4
 202 0048 02       		.uleb128 0x2
 203 0049 04       		.byte	0x4
 204 004a 07       		.byte	0x7
 205 004b 4F000000 		.4byte	.LASF5
 206 004f 02       		.uleb128 0x2
 207 0050 08       		.byte	0x8
 208 0051 05       		.byte	0x5
 209 0052 E1010000 		.4byte	.LASF6
 210 0056 02       		.uleb128 0x2
 211 0057 08       		.byte	0x8
 212 0058 07       		.byte	0x7
 213 0059 1B010000 		.4byte	.LASF7
 214 005d 03       		.uleb128 0x3
 215 005e 04       		.byte	0x4
 216 005f 05       		.byte	0x5
ARM GAS  C:\Users\amant\AppData\Local\Temp\ccKxaNvh.s 			page 6


 217 0060 696E7400 		.ascii	"int\000"
 218 0064 02       		.uleb128 0x2
 219 0065 04       		.byte	0x4
 220 0066 07       		.byte	0x7
 221 0067 0E010000 		.4byte	.LASF8
 222 006b 02       		.uleb128 0x2
 223 006c 04       		.byte	0x4
 224 006d 04       		.byte	0x4
 225 006e 2A000000 		.4byte	.LASF9
 226 0072 02       		.uleb128 0x2
 227 0073 08       		.byte	0x8
 228 0074 04       		.byte	0x4
 229 0075 7A000000 		.4byte	.LASF10
 230 0079 02       		.uleb128 0x2
 231 007a 01       		.byte	0x1
 232 007b 08       		.byte	0x8
 233 007c F6010000 		.4byte	.LASF11
 234 0080 02       		.uleb128 0x2
 235 0081 08       		.byte	0x8
 236 0082 04       		.byte	0x4
 237 0083 2C020000 		.4byte	.LASF12
 238 0087 02       		.uleb128 0x2
 239 0088 04       		.byte	0x4
 240 0089 07       		.byte	0x7
 241 008a C0010000 		.4byte	.LASF13
 242 008e 04       		.uleb128 0x4
 243 008f 01       		.byte	0x1
 244 0090 2C000000 		.4byte	0x2c
 245 0094 01       		.byte	0x1
 246 0095 27       		.byte	0x27
 247 0096 BF000000 		.4byte	0xbf
 248 009a 05       		.uleb128 0x5
 249 009b 0D000000 		.4byte	.LASF14
 250 009f 00       		.byte	0
 251 00a0 05       		.uleb128 0x5
 252 00a1 5C020000 		.4byte	.LASF15
 253 00a5 01       		.byte	0x1
 254 00a6 05       		.uleb128 0x5
 255 00a7 EC000000 		.4byte	.LASF16
 256 00ab 02       		.byte	0x2
 257 00ac 05       		.uleb128 0x5
 258 00ad 44000000 		.4byte	.LASF17
 259 00b1 03       		.byte	0x3
 260 00b2 05       		.uleb128 0x5
 261 00b3 18020000 		.4byte	.LASF18
 262 00b7 04       		.byte	0x4
 263 00b8 05       		.uleb128 0x5
 264 00b9 30000000 		.4byte	.LASF19
 265 00bd 05       		.byte	0x5
 266 00be 00       		.byte	0
 267 00bf 06       		.uleb128 0x6
 268 00c0 74000000 		.4byte	.LASF29
 269 00c4 01       		.byte	0x1
 270 00c5 27       		.byte	0x27
 271 00c6 8E000000 		.4byte	0x8e
 272 00ca 07       		.uleb128 0x7
 273 00cb FC000000 		.4byte	.LASF20
ARM GAS  C:\Users\amant\AppData\Local\Temp\ccKxaNvh.s 			page 7


 274 00cf 01       		.byte	0x1
 275 00d0 2B       		.byte	0x2b
 276 00d1 00000000 		.4byte	.LFB32
 277 00d5 02000000 		.4byte	.LFE32-.LFB32
 278 00d9 01       		.uleb128 0x1
 279 00da 9C       		.byte	0x9c
 280 00db 07       		.uleb128 0x7
 281 00dc D4000000 		.4byte	.LASF21
 282 00e0 01       		.byte	0x1
 283 00e1 2F       		.byte	0x2f
 284 00e2 00000000 		.4byte	.LFB33
 285 00e6 02000000 		.4byte	.LFE33-.LFB33
 286 00ea 01       		.uleb128 0x1
 287 00eb 9C       		.byte	0x9c
 288 00ec 07       		.uleb128 0x7
 289 00ed 44020000 		.4byte	.LASF22
 290 00f1 01       		.byte	0x1
 291 00f2 33       		.byte	0x33
 292 00f3 00000000 		.4byte	.LFB34
 293 00f7 02000000 		.4byte	.LFE34-.LFB34
 294 00fb 01       		.uleb128 0x1
 295 00fc 9C       		.byte	0x9c
 296 00fd 07       		.uleb128 0x7
 297 00fe C9010000 		.4byte	.LASF23
 298 0102 01       		.byte	0x1
 299 0103 37       		.byte	0x37
 300 0104 00000000 		.4byte	.LFB35
 301 0108 02000000 		.4byte	.LFE35-.LFB35
 302 010c 01       		.uleb128 0x1
 303 010d 9C       		.byte	0x9c
 304 010e 07       		.uleb128 0x7
 305 010f 12000000 		.4byte	.LASF24
 306 0113 01       		.byte	0x1
 307 0114 3B       		.byte	0x3b
 308 0115 00000000 		.4byte	.LFB36
 309 0119 02000000 		.4byte	.LFE36-.LFB36
 310 011d 01       		.uleb128 0x1
 311 011e 9C       		.byte	0x9c
 312 011f 07       		.uleb128 0x7
 313 0120 FB010000 		.4byte	.LASF25
 314 0124 01       		.byte	0x1
 315 0125 3F       		.byte	0x3f
 316 0126 00000000 		.4byte	.LFB37
 317 012a 02000000 		.4byte	.LFE37-.LFB37
 318 012e 01       		.uleb128 0x1
 319 012f 9C       		.byte	0x9c
 320 0130 08       		.uleb128 0x8
 321 0131 F7000000 		.4byte	.LASF30
 322 0135 01       		.byte	0x1
 323 0136 43       		.byte	0x43
 324 0137 5D000000 		.4byte	0x5d
 325 013b 00000000 		.4byte	.LFB38
 326 013f 04000000 		.4byte	.LFE38-.LFB38
 327 0143 01       		.uleb128 0x1
 328 0144 9C       		.byte	0x9c
 329 0145 09       		.uleb128 0x9
 330 0146 00000000 		.4byte	.LASF31
ARM GAS  C:\Users\amant\AppData\Local\Temp\ccKxaNvh.s 			page 8


 331 014a 01       		.byte	0x1
 332 014b 29       		.byte	0x29
 333 014c BF000000 		.4byte	0xbf
 334 0150 05       		.uleb128 0x5
 335 0151 03       		.byte	0x3
 336 0152 00000000 		.4byte	currentState
 337 0156 00       		.byte	0
 338              		.section	.debug_abbrev,"",%progbits
 339              	.Ldebug_abbrev0:
 340 0000 01       		.uleb128 0x1
 341 0001 11       		.uleb128 0x11
 342 0002 01       		.byte	0x1
 343 0003 25       		.uleb128 0x25
 344 0004 0E       		.uleb128 0xe
 345 0005 13       		.uleb128 0x13
 346 0006 0B       		.uleb128 0xb
 347 0007 03       		.uleb128 0x3
 348 0008 0E       		.uleb128 0xe
 349 0009 1B       		.uleb128 0x1b
 350 000a 0E       		.uleb128 0xe
 351 000b 55       		.uleb128 0x55
 352 000c 17       		.uleb128 0x17
 353 000d 11       		.uleb128 0x11
 354 000e 01       		.uleb128 0x1
 355 000f 10       		.uleb128 0x10
 356 0010 17       		.uleb128 0x17
 357 0011 00       		.byte	0
 358 0012 00       		.byte	0
 359 0013 02       		.uleb128 0x2
 360 0014 24       		.uleb128 0x24
 361 0015 00       		.byte	0
 362 0016 0B       		.uleb128 0xb
 363 0017 0B       		.uleb128 0xb
 364 0018 3E       		.uleb128 0x3e
 365 0019 0B       		.uleb128 0xb
 366 001a 03       		.uleb128 0x3
 367 001b 0E       		.uleb128 0xe
 368 001c 00       		.byte	0
 369 001d 00       		.byte	0
 370 001e 03       		.uleb128 0x3
 371 001f 24       		.uleb128 0x24
 372 0020 00       		.byte	0
 373 0021 0B       		.uleb128 0xb
 374 0022 0B       		.uleb128 0xb
 375 0023 3E       		.uleb128 0x3e
 376 0024 0B       		.uleb128 0xb
 377 0025 03       		.uleb128 0x3
 378 0026 08       		.uleb128 0x8
 379 0027 00       		.byte	0
 380 0028 00       		.byte	0
 381 0029 04       		.uleb128 0x4
 382 002a 04       		.uleb128 0x4
 383 002b 01       		.byte	0x1
 384 002c 0B       		.uleb128 0xb
 385 002d 0B       		.uleb128 0xb
 386 002e 49       		.uleb128 0x49
 387 002f 13       		.uleb128 0x13
ARM GAS  C:\Users\amant\AppData\Local\Temp\ccKxaNvh.s 			page 9


 388 0030 3A       		.uleb128 0x3a
 389 0031 0B       		.uleb128 0xb
 390 0032 3B       		.uleb128 0x3b
 391 0033 0B       		.uleb128 0xb
 392 0034 01       		.uleb128 0x1
 393 0035 13       		.uleb128 0x13
 394 0036 00       		.byte	0
 395 0037 00       		.byte	0
 396 0038 05       		.uleb128 0x5
 397 0039 28       		.uleb128 0x28
 398 003a 00       		.byte	0
 399 003b 03       		.uleb128 0x3
 400 003c 0E       		.uleb128 0xe
 401 003d 1C       		.uleb128 0x1c
 402 003e 0B       		.uleb128 0xb
 403 003f 00       		.byte	0
 404 0040 00       		.byte	0
 405 0041 06       		.uleb128 0x6
 406 0042 16       		.uleb128 0x16
 407 0043 00       		.byte	0
 408 0044 03       		.uleb128 0x3
 409 0045 0E       		.uleb128 0xe
 410 0046 3A       		.uleb128 0x3a
 411 0047 0B       		.uleb128 0xb
 412 0048 3B       		.uleb128 0x3b
 413 0049 0B       		.uleb128 0xb
 414 004a 49       		.uleb128 0x49
 415 004b 13       		.uleb128 0x13
 416 004c 00       		.byte	0
 417 004d 00       		.byte	0
 418 004e 07       		.uleb128 0x7
 419 004f 2E       		.uleb128 0x2e
 420 0050 00       		.byte	0
 421 0051 3F       		.uleb128 0x3f
 422 0052 19       		.uleb128 0x19
 423 0053 03       		.uleb128 0x3
 424 0054 0E       		.uleb128 0xe
 425 0055 3A       		.uleb128 0x3a
 426 0056 0B       		.uleb128 0xb
 427 0057 3B       		.uleb128 0x3b
 428 0058 0B       		.uleb128 0xb
 429 0059 11       		.uleb128 0x11
 430 005a 01       		.uleb128 0x1
 431 005b 12       		.uleb128 0x12
 432 005c 06       		.uleb128 0x6
 433 005d 40       		.uleb128 0x40
 434 005e 18       		.uleb128 0x18
 435 005f 9742     		.uleb128 0x2117
 436 0061 19       		.uleb128 0x19
 437 0062 00       		.byte	0
 438 0063 00       		.byte	0
 439 0064 08       		.uleb128 0x8
 440 0065 2E       		.uleb128 0x2e
 441 0066 00       		.byte	0
 442 0067 3F       		.uleb128 0x3f
 443 0068 19       		.uleb128 0x19
 444 0069 03       		.uleb128 0x3
ARM GAS  C:\Users\amant\AppData\Local\Temp\ccKxaNvh.s 			page 10


 445 006a 0E       		.uleb128 0xe
 446 006b 3A       		.uleb128 0x3a
 447 006c 0B       		.uleb128 0xb
 448 006d 3B       		.uleb128 0x3b
 449 006e 0B       		.uleb128 0xb
 450 006f 27       		.uleb128 0x27
 451 0070 19       		.uleb128 0x19
 452 0071 49       		.uleb128 0x49
 453 0072 13       		.uleb128 0x13
 454 0073 8701     		.uleb128 0x87
 455 0075 19       		.uleb128 0x19
 456 0076 11       		.uleb128 0x11
 457 0077 01       		.uleb128 0x1
 458 0078 12       		.uleb128 0x12
 459 0079 06       		.uleb128 0x6
 460 007a 40       		.uleb128 0x40
 461 007b 18       		.uleb128 0x18
 462 007c 9742     		.uleb128 0x2117
 463 007e 19       		.uleb128 0x19
 464 007f 00       		.byte	0
 465 0080 00       		.byte	0
 466 0081 09       		.uleb128 0x9
 467 0082 34       		.uleb128 0x34
 468 0083 00       		.byte	0
 469 0084 03       		.uleb128 0x3
 470 0085 0E       		.uleb128 0xe
 471 0086 3A       		.uleb128 0x3a
 472 0087 0B       		.uleb128 0xb
 473 0088 3B       		.uleb128 0x3b
 474 0089 0B       		.uleb128 0xb
 475 008a 49       		.uleb128 0x49
 476 008b 13       		.uleb128 0x13
 477 008c 3F       		.uleb128 0x3f
 478 008d 19       		.uleb128 0x19
 479 008e 02       		.uleb128 0x2
 480 008f 18       		.uleb128 0x18
 481 0090 00       		.byte	0
 482 0091 00       		.byte	0
 483 0092 00       		.byte	0
 484              		.section	.debug_aranges,"",%progbits
 485 0000 4C000000 		.4byte	0x4c
 486 0004 0200     		.2byte	0x2
 487 0006 00000000 		.4byte	.Ldebug_info0
 488 000a 04       		.byte	0x4
 489 000b 00       		.byte	0
 490 000c 0000     		.2byte	0
 491 000e 0000     		.2byte	0
 492 0010 00000000 		.4byte	.LFB32
 493 0014 02000000 		.4byte	.LFE32-.LFB32
 494 0018 00000000 		.4byte	.LFB33
 495 001c 02000000 		.4byte	.LFE33-.LFB33
 496 0020 00000000 		.4byte	.LFB34
 497 0024 02000000 		.4byte	.LFE34-.LFB34
 498 0028 00000000 		.4byte	.LFB35
 499 002c 02000000 		.4byte	.LFE35-.LFB35
 500 0030 00000000 		.4byte	.LFB36
 501 0034 02000000 		.4byte	.LFE36-.LFB36
ARM GAS  C:\Users\amant\AppData\Local\Temp\ccKxaNvh.s 			page 11


 502 0038 00000000 		.4byte	.LFB37
 503 003c 02000000 		.4byte	.LFE37-.LFB37
 504 0040 00000000 		.4byte	.LFB38
 505 0044 04000000 		.4byte	.LFE38-.LFB38
 506 0048 00000000 		.4byte	0
 507 004c 00000000 		.4byte	0
 508              		.section	.debug_ranges,"",%progbits
 509              	.Ldebug_ranges0:
 510 0000 00000000 		.4byte	.LFB32
 511 0004 02000000 		.4byte	.LFE32
 512 0008 00000000 		.4byte	.LFB33
 513 000c 02000000 		.4byte	.LFE33
 514 0010 00000000 		.4byte	.LFB34
 515 0014 02000000 		.4byte	.LFE34
 516 0018 00000000 		.4byte	.LFB35
 517 001c 02000000 		.4byte	.LFE35
 518 0020 00000000 		.4byte	.LFB36
 519 0024 02000000 		.4byte	.LFE36
 520 0028 00000000 		.4byte	.LFB37
 521 002c 02000000 		.4byte	.LFE37
 522 0030 00000000 		.4byte	.LFB38
 523 0034 04000000 		.4byte	.LFE38
 524 0038 00000000 		.4byte	0
 525 003c 00000000 		.4byte	0
 526              		.section	.debug_line,"",%progbits
 527              	.Ldebug_line0:
 528 0000 94000000 		.section	.debug_str,"MS",%progbits,1
 528      02001D00 
 528      00000201 
 528      FB0E0D00 
 528      01010101 
 529              	.LASF31:
 530 0000 63757272 		.ascii	"currentState\000"
 530      656E7453 
 530      74617465 
 530      00
 531              	.LASF14:
 532 000d 49444C45 		.ascii	"IDLE\000"
 532      00
 533              	.LASF24:
 534 0012 68616E64 		.ascii	"handle_lower_seat_state\000"
 534      6C655F6C 
 534      6F776572 
 534      5F736561 
 534      745F7374 
 535              	.LASF9:
 536 002a 666C6F61 		.ascii	"float\000"
 536      7400
 537              	.LASF19:
 538 0030 50414E49 		.ascii	"PANIC\000"
 538      4300
 539              	.LASF1:
 540 0036 756E7369 		.ascii	"unsigned char\000"
 540      676E6564 
 540      20636861 
 540      7200
 541              	.LASF17:
ARM GAS  C:\Users\amant\AppData\Local\Temp\ccKxaNvh.s 			page 12


 542 0044 52414953 		.ascii	"RAISE_SEAT\000"
 542      455F5345 
 542      415400
 543              	.LASF5:
 544 004f 6C6F6E67 		.ascii	"long unsigned int\000"
 544      20756E73 
 544      69676E65 
 544      6420696E 
 544      7400
 545              	.LASF3:
 546 0061 73686F72 		.ascii	"short unsigned int\000"
 546      7420756E 
 546      7369676E 
 546      65642069 
 546      6E7400
 547              	.LASF29:
 548 0074 53746174 		.ascii	"State\000"
 548      6500
 549              	.LASF10:
 550 007a 646F7562 		.ascii	"double\000"
 550      6C6500
 551              	.LASF28:
 552 0081 433A5C55 		.ascii	"C:\\Users\\amant\\Generate\\Uplift-Solutions\\uplif"
 552      73657273 
 552      5C616D61 
 552      6E745C47 
 552      656E6572 
 553 00af 742D6677 		.ascii	"t-fw-sp25\\src\\psoc_4200_uplift.cydsn\000"
 553      2D737032 
 553      355C7372 
 553      635C7073 
 553      6F635F34 
 554              	.LASF21:
 555 00d4 68616E64 		.ascii	"handle_raise_legs_state\000"
 555      6C655F72 
 555      61697365 
 555      5F6C6567 
 555      735F7374 
 556              	.LASF16:
 557 00ec 4C4F5745 		.ascii	"LOWER_LEGS\000"
 557      525F4C45 
 557      475300
 558              	.LASF30:
 559 00f7 6D61696E 		.ascii	"main\000"
 559      00
 560              	.LASF20:
 561 00fc 68616E64 		.ascii	"handle_idle_state\000"
 561      6C655F69 
 561      646C655F 
 561      73746174 
 561      6500
 562              	.LASF8:
 563 010e 756E7369 		.ascii	"unsigned int\000"
 563      676E6564 
 563      20696E74 
 563      00
 564              	.LASF7:
ARM GAS  C:\Users\amant\AppData\Local\Temp\ccKxaNvh.s 			page 13


 565 011b 6C6F6E67 		.ascii	"long long unsigned int\000"
 565      206C6F6E 
 565      6720756E 
 565      7369676E 
 565      65642069 
 566              	.LASF26:
 567 0132 474E5520 		.ascii	"GNU C11 5.4.1 20160609 (release) [ARM/embedded-5-br"
 567      43313120 
 567      352E342E 
 567      31203230 
 567      31363036 
 568 0165 616E6368 		.ascii	"anch revision 237715] -mcpu=cortex-m0 -mthumb -g -O"
 568      20726576 
 568      6973696F 
 568      6E203233 
 568      37373135 
 569 0198 67202D66 		.ascii	"g -ffunction-sections -ffat-lto-objects\000"
 569      66756E63 
 569      74696F6E 
 569      2D736563 
 569      74696F6E 
 570              	.LASF13:
 571 01c0 73697A65 		.ascii	"sizetype\000"
 571      74797065 
 571      00
 572              	.LASF23:
 573 01c9 68616E64 		.ascii	"handle_raise_seat_state\000"
 573      6C655F72 
 573      61697365 
 573      5F736561 
 573      745F7374 
 574              	.LASF6:
 575 01e1 6C6F6E67 		.ascii	"long long int\000"
 575      206C6F6E 
 575      6720696E 
 575      7400
 576              	.LASF27:
 577 01ef 6D61696E 		.ascii	"main.c\000"
 577      2E6300
 578              	.LASF11:
 579 01f6 63686172 		.ascii	"char\000"
 579      00
 580              	.LASF25:
 581 01fb 68616E64 		.ascii	"handle_panic_state\000"
 581      6C655F70 
 581      616E6963 
 581      5F737461 
 581      746500
 582              	.LASF2:
 583 020e 73686F72 		.ascii	"short int\000"
 583      7420696E 
 583      7400
 584              	.LASF18:
 585 0218 4C4F5745 		.ascii	"LOWER_SEAT\000"
 585      525F5345 
 585      415400
 586              	.LASF4:
ARM GAS  C:\Users\amant\AppData\Local\Temp\ccKxaNvh.s 			page 14


 587 0223 6C6F6E67 		.ascii	"long int\000"
 587      20696E74 
 587      00
 588              	.LASF12:
 589 022c 6C6F6E67 		.ascii	"long double\000"
 589      20646F75 
 589      626C6500 
 590              	.LASF0:
 591 0238 7369676E 		.ascii	"signed char\000"
 591      65642063 
 591      68617200 
 592              	.LASF22:
 593 0244 68616E64 		.ascii	"handle_lower_legs_state\000"
 593      6C655F6C 
 593      6F776572 
 593      5F6C6567 
 593      735F7374 
 594              	.LASF15:
 595 025c 52414953 		.ascii	"RAISE_LEGS\000"
 595      455F4C45 
 595      475300
 596              		.ident	"GCC: (GNU Tools for ARM Embedded Processors) 5.4.1 20160609 (release) [ARM/embedded-5-bran
