--------------- Clean Started: 02/11/2025 21:36:47 Project: psoc_4200_uplift, Configuration: ARM GCC 5.4-2016-q2-update Debug ---------------
Deleting file ".\CortexM0\ARM_GCC_541\Debug\main.o"
Deleting file ".\CortexM0\ARM_GCC_541\Debug\cyfitter_cfg.o"
Deleting file ".\CortexM0\ARM_GCC_541\Debug\cymetadata.o"
Deleting file ".\CortexM0\ARM_GCC_541\Debug\Cm0Start.o"
Deleting file ".\CortexM0\ARM_GCC_541\Debug\CyFlash.o"
Deleting file ".\CortexM0\ARM_GCC_541\Debug\CyLib.o"
Deleting file ".\CortexM0\ARM_GCC_541\Debug\cyPm.o"
Deleting file ".\CortexM0\ARM_GCC_541\Debug\cyutils.o"
Deleting file ".\CortexM0\ARM_GCC_541\Debug\CyBootAsmGnu.o"
Deleting file ".\CortexM0\ARM_GCC_541\Debug\CyLFClk.o"
Deleting file ".\CortexM0\ARM_GCC_541\Debug\cy_em_eeprom.o"
Deleting file ".\CortexM0\ARM_GCC_541\Debug\PWM_BACK.o"
Deleting file ".\CortexM0\ARM_GCC_541\Debug\PWM_BACK_PM.o"
Deleting file ".\CortexM0\ARM_GCC_541\Debug\PWM_FRONT.o"
Deleting file ".\CortexM0\ARM_GCC_541\Debug\PWM_FRONT_PM.o"
Deleting file ".\CortexM0\ARM_GCC_541\Debug\I2C_0.o"
Deleting file ".\CortexM0\ARM_GCC_541\Debug\I2C_0_I2C_INT.o"
Deleting file ".\CortexM0\ARM_GCC_541\Debug\I2C_0_I2C.o"
Deleting file ".\CortexM0\ARM_GCC_541\Debug\I2C_0_I2C_BOOT.o"
Deleting file ".\CortexM0\ARM_GCC_541\Debug\I2C_0_I2C_MASTER.o"
Deleting file ".\CortexM0\ARM_GCC_541\Debug\I2C_0_PM.o"
Deleting file ".\CortexM0\ARM_GCC_541\Debug\I2C_0_BOOT.o"
Deleting file ".\CortexM0\ARM_GCC_541\Debug\Bootloader_1.o"
Deleting file ".\CortexM0\ARM_GCC_541\Debug\PWM_2.o"
Deleting file ".\CortexM0\ARM_GCC_541\Debug\PWM_2_PM.o"
Deleting file ".\CortexM0\ARM_GCC_541\Debug\Clock_1.o"
Deleting file ".\CortexM0\ARM_GCC_541\Debug\DIR_FRONT_LEFT.o"
Deleting file ".\CortexM0\ARM_GCC_541\Debug\DIR_FRONT_LEFT_PM.o"
Deleting file ".\CortexM0\ARM_GCC_541\Debug\DIR_FRONT_RIGHT.o"
Deleting file ".\CortexM0\ARM_GCC_541\Debug\DIR_FRONT_RIGHT_PM.o"
Deleting file ".\CortexM0\ARM_GCC_541\Debug\DIR_BACK_LEFT.o"
Deleting file ".\CortexM0\ARM_GCC_541\Debug\DIR_BACK_LEFT_PM.o"
Deleting file ".\CortexM0\ARM_GCC_541\Debug\DIR_BACK_RIGHT.o"
Deleting file ".\CortexM0\ARM_GCC_541\Debug\DIR_BACK_RIGHT_PM.o"
Deleting file ".\CortexM0\ARM_GCC_541\Debug\ENABLE_MOTORS.o"
Deleting file ".\CortexM0\ARM_GCC_541\Debug\ENABLE_MOTORS_PM.o"
Deleting file ".\CortexM0\ARM_GCC_541\Debug\PWM_1.o"
Deleting file ".\CortexM0\ARM_GCC_541\Debug\PWM_1_PM.o"
Deleting file ".\CortexM0\ARM_GCC_541\Debug\LED_0.o"
Deleting file ".\CortexM0\ARM_GCC_541\Debug\LED_0_PM.o"
Deleting file ".\CortexM0\ARM_GCC_541\Debug\LED_1.o"
Deleting file ".\CortexM0\ARM_GCC_541\Debug\LED_1_PM.o"
Deleting file ".\CortexM0\ARM_GCC_541\Debug\LED_2.o"
Deleting file ".\CortexM0\ARM_GCC_541\Debug\LED_2_PM.o"
Deleting file ".\CortexM0\ARM_GCC_541\Debug\LED_3.o"
Deleting file ".\CortexM0\ARM_GCC_541\Debug\LED_3_PM.o"
Deleting file ".\CortexM0\ARM_GCC_541\Debug\BUTTON_TILT_EN.o"
Deleting file ".\CortexM0\ARM_GCC_541\Debug\BUTTON_TILT_EN_PM.o"
Deleting file ".\CortexM0\ARM_GCC_541\Debug\BUTTON_MOTOR_EN.o"
Deleting file ".\CortexM0\ARM_GCC_541\Debug\BUTTON_MOTOR_EN_PM.o"
Deleting file ".\CortexM0\ARM_GCC_541\Debug\BUTTON_DIR_UP.o"
Deleting file ".\CortexM0\ARM_GCC_541\Debug\BUTTON_DIR_UP_PM.o"
Deleting file ".\CortexM0\ARM_GCC_541\Debug\BUTTON_DIR_DOWN.o"
Deleting file ".\CortexM0\ARM_GCC_541\Debug\BUTTON_DIR_DOWN_PM.o"
Deleting file ".\CortexM0\ARM_GCC_541\Debug\I2C_0_SCBCLK.o"
Deleting file ".\CortexM0\ARM_GCC_541\Debug\I2C_0_sda.o"
Deleting file ".\CortexM0\ARM_GCC_541\Debug\I2C_0_sda_PM.o"
Deleting file ".\CortexM0\ARM_GCC_541\Debug\I2C_0_scl.o"
Deleting file ".\CortexM0\ARM_GCC_541\Debug\I2C_0_scl_PM.o"
Deleting file ".\CortexM0\ARM_GCC_541\Debug\I2C_0_SCB_IRQ.o"
Deleting file ".\CortexM0\ARM_GCC_541\Debug\psoc_4200_uplift.hex"
Deleting file ".\CortexM0\ARM_GCC_541\Debug\psoc_4200_uplift.elf"
Deleting file ".\CortexM0\ARM_GCC_541\Debug\psoc_4200_uplift.map"
Deleting file ".\psoc_4200_uplift.cycdx"
Deleting file ".\psoc_4200_uplift.svd"
Deleting file ".\psoc_4200_uplift.rpt"
Deleting file ".\psoc_4200_uplift_timing.html"
Deleting file ".\CortexM0\ARM_GCC_541\Debug\.deps\SOURCE_C__ARM_GCC_GENERIC.P"
Deleting file ".\CortexM0\ARM_GCC_541\Debug\.deps\SOURCE_ASM__ARM_GCC_GENERIC.P"
--------------- Clean Succeeded: 02/11/2025 21:36:47 ---------------
